====================================================================================================
=================================== AUDIT FINAL COMPLET - SYGFP ====================================
====================================================================================================
Date: 2026-02-06 14:58:52

🔄 ÉTAPE 1/3 : Comptage SQL Server par exercice...
====================================================================================================
  ✓ eARTI_DB2 (2021-2023)
  ✓ eARTIDB_2025 (2024-2025)
  ✓ eARTIDB_2026 (2026)

📊 SQL Server - Comptage par exercice:

Exercice     Notes        Engagements     Liquidations    Ordonnancements
----------------------------------------------------------------------
2024         1940         1258            1148            1027           
2025         2589         1710            1659            1586           
2026         299          183             154             115            
----------------------------------------------------------------------
TOTAL        4828         3151            2961            2728           

✅ TOTAL SQL Server: 13,668 enregistrements

====================================================================================================
🔄 ÉTAPE 2/3 : Comptage Supabase par exercice...
====================================================================================================

Exercice     Notes        Engagements     Liquidations    Ordonnancements
----------------------------------------------------------------------
2024         3934         2156            1061            966            
2025         5245         3325            3150            2294           
2026         399          182             144             103            
----------------------------------------------------------------------
TOTAL        9578         5663            4355            3363           

✅ TOTAL Supabase: 22,959 enregistrements

====================================================================================================
🔄 ÉTAPE 3/3 : Analyse des écarts...
====================================================================================================

Exercice     Type            SQL Server   Supabase     Écart      Taux      
---------------------------------------------------------------------------
2024         Notes           1940         3934         1994++++++ 202.8% ✅
2024         Engagements     1258         2156         898+++++++ 171.4% ✅
2024         Liquidations    1148         1061         -87+++++++ 92.4% ⚠️
2024         Ordonnancements 1027         966          -61+++++++ 94.1% ⚠️
2025         Notes           2589         5245         2656++++++ 202.6% ✅
2025         Engagements     1710         3325         1615++++++ 194.4% ✅
2025         Liquidations    1659         3150         1491++++++ 189.9% ✅
2025         Ordonnancements 1586         2294         708+++++++ 144.6% ✅
2026         Notes           299          399          100+++++++ 133.4% ✅
2026         Engagements     183          182          -1++++++++ 99.5% ⚠️
2026         Liquidations    154          144          -10+++++++ 93.5% ⚠️
2026         Ordonnancements 115          103          -12+++++++ 89.6% ⚠️
---------------------------------------------------------------------------

📊 ÉCART TOTAL: 9,633 enregistrements
📈 SQL Server:  13,668
📈 Supabase:    22,959
📈 Différence:  +9,291 (168.0%)

====================================================================================================
=========================================== RÉSUMÉ FINAL ===========================================
====================================================================================================

✅ DONNÉES SQL SERVER:
   - Notes SEF:        4,828
   - Engagements:      3,151
   - Liquidations:     2,961
   - Ordonnancements:  2,728
   TOTAL:              13,668

✅ DONNÉES SUPABASE:
   - Notes SEF:        9,578
   - Engagements:      5,663
   - Liquidations:     4,355
   - Ordonnancements:  3,363
   TOTAL:              22,959

📊 ANALYSE:
   - Supabase contient +9,291 enregistrements de plus que SQL Server
   - Cela inclut les données migrées + données existantes avant migration
   - Taux de couverture: 168.0%

🎉 AUDIT TERMINÉ!
====================================================================================================
